
> @ecclesiaos/api@0.1.0 dev
> tsx --tsconfig tsconfig.dev.json --watch src/server.ts

EcclesiaOS API listening on http://localhost:4000
Restarting 'src/server.ts'
Restarting 'src/server.ts'
EcclesiaOS API listening on http://localhost:4000
Restarting 'src/server.ts'
EcclesiaOS API listening on http://localhost:4000
Restarting 'src/server.ts'
EcclesiaOS API listening on http://localhost:4000
Restarting 'src/server.ts'
EcclesiaOS API listening on http://localhost:4000
Restarting 'src/server.ts'
EcclesiaOS API listening on http://localhost:4000
Restarting 'src/server.ts'
EcclesiaOS API listening on http://localhost:4000
Restarting 'src/server.ts'
EcclesiaOS API listening on http://localhost:4000
Restarting 'src/server.ts'
EcclesiaOS API listening on http://localhost:4000
Restarting 'src/server.ts'
EcclesiaOS API listening on http://localhost:4000
Restarting 'src/server.ts'
Restarting 'src/server.ts'
Restarting 'src/server.ts'
EcclesiaOS API listening on http://localhost:4000
Restarting 'src/server.ts'
Restarting 'src/server.ts'
EcclesiaOS API listening on http://localhost:4000
Restarting 'src/server.ts'
EcclesiaOS API listening on http://localhost:4000
Restarting 'src/server.ts'
Restarting 'src/server.ts'
Restarting 'src/server.ts'
EcclesiaOS API listening on http://localhost:4000
Restarting 'src/server.ts'
EcclesiaOS API listening on http://localhost:4000
Restarting 'src/server.ts'
EcclesiaOS API listening on http://localhost:4000
Restarting 'src/server.ts'
EcclesiaOS API listening on http://localhost:4000
Restarting 'src/server.ts'
EcclesiaOS API listening on http://localhost:4000
Restarting 'src/server.ts'
EcclesiaOS API listening on http://localhost:4000
Restarting 'src/server.ts'
EcclesiaOS API listening on http://localhost:4000
Restarting 'src/server.ts'
EcclesiaOS API listening on http://localhost:4000
Restarting 'src/server.ts'
EcclesiaOS API listening on http://localhost:4000
Restarting 'src/server.ts'
EcclesiaOS API listening on http://localhost:4000
Restarting 'src/server.ts'
EcclesiaOS API listening on http://localhost:4000
Restarting 'src/server.ts'
Restarting 'src/server.ts'
EcclesiaOS API listening on http://localhost:4000
Restarting 'src/server.ts'
EcclesiaOS API listening on http://localhost:4000
Restarting 'src/server.ts'
Restarting 'src/server.ts'
EcclesiaOS API listening on http://localhost:4000
Restarting 'src/server.ts'
EcclesiaOS API listening on http://localhost:4000
Restarting 'src/server.ts'
EcclesiaOS API listening on http://localhost:4000
Restarting 'src/server.ts'
EcclesiaOS API listening on http://localhost:4000
Restarting 'src/server.ts'
EcclesiaOS API listening on http://localhost:4000
Restarting 'src/server.ts'
EcclesiaOS API listening on http://localhost:4000
Restarting 'src/server.ts'
EcclesiaOS API listening on http://localhost:4000
Restarting 'src/server.ts'
EcclesiaOS API listening on http://localhost:4000
Restarting 'src/server.ts'
EcclesiaOS API listening on http://localhost:4000
Restarting 'src/server.ts'
EcclesiaOS API listening on http://localhost:4000
Restarting 'src/server.ts'
EcclesiaOS API listening on http://localhost:4000
Restarting 'src/server.ts'
EcclesiaOS API listening on http://localhost:4000
Restarting 'src/server.ts'
EcclesiaOS API listening on http://localhost:4000
Restarting 'src/server.ts'
EcclesiaOS API listening on http://localhost:4000
Restarting 'src/server.ts'
EcclesiaOS API listening on http://localhost:4000
Restarting 'src/server.ts'
EcclesiaOS API listening on http://localhost:4000
Restarting 'src/server.ts'
EcclesiaOS API listening on http://localhost:4000
Restarting 'src/server.ts'
Restarting 'src/server.ts'
EcclesiaOS API listening on http://localhost:4000
Restarting 'src/server.ts'
EcclesiaOS API listening on http://localhost:4000
Restarting 'src/server.ts'
EcclesiaOS API listening on http://localhost:4000
Restarting 'src/server.ts'
EcclesiaOS API listening on http://localhost:4000
Restarting 'src/server.ts'
EcclesiaOS API listening on http://localhost:4000
Failed running 'src/server.ts'. Waiting for file changes before restarting...
